#
# There is insufficient memory for the Java Runtime Environment to continue.
# Native memory allocation (malloc) failed to allocate 1048576 bytes for AllocateHeap
# Possible reasons:
#   The system is out of physical RAM or swap space
#   In 32 bit mode, the process size limit was hit
# Possible solutions:
#   Reduce memory load on the system
#   Increase physical memory or swap space
#   Check if swap backing store is full
#   Use 64 bit Java on a 64 bit OS
#   Decrease Java heap size (-Xmx/-Xms)
#   Decrease number of Java threads
#   Decrease Java thread stack sizes (-Xss)
#   Set larger code cache with -XX:ReservedCodeCacheSize=
# This output file may be truncated or incomplete.
#
#  Out of Memory Error (memory/allocation.inline.hpp:61), pid=23740, tid=0x00000000000029a4
#
# JRE version:  (8.0_171-b11) (build )
# Java VM: Java HotSpot(TM) 64-Bit Server VM (25.171-b11 mixed mode windows-amd64 compressed oops)
# Failed to write core dump. Minidumps are not enabled by default on client versions of Windows
#

---------------  T H R E A D  ---------------

Current thread (0x0000000004ce2800):  JavaThread "Unknown thread" [_thread_in_vm, id=10660, stack(0x0000000004be0000,0x0000000004ce0000)]

Stack: [0x0000000004be0000,0x0000000004ce0000]
[error occurred during error reporting (printing stack bounds), id 0xc0000005]

Native frames: (J=compiled Java code, j=interpreted, Vv=VM code, C=native code)


---------------  P R O C E S S  ---------------

Java Threads: ( => current thread )

Other Threads:

=>0x0000000004ce2800 (exited) JavaThread "Unknown thread" [_thread_in_vm, id=10660, stack(0x0000000004be0000,0x0000000004ce0000)]

VM state:not at safepoint (normal execution)

VM Mutex/Monitor currently owned by a thread: None

Heap:
 PSYoungGen      total 38400K, used 665K [0x00000000d5d80000, 0x00000000d8800000, 0x0000000100000000)
  eden space 33280K, 2% used [0x00000000d5d80000,0x00000000d5e26670,0x00000000d7e00000)
  from space 5120K, 0% used [0x00000000d8300000,0x00000000d8300000,0x00000000d8800000)
  to   space 5120K, 0% used [0x00000000d7e00000,0x00000000d7e00000,0x00000000d8300000)
 ParOldGen       total 87552K, used 0K [0x0000000081800000, 0x0000000086d80000, 0x00000000d5d80000)
  object space 87552K, 0% used [0x0000000081800000,0x0000000081800000,0x0000000086d80000)
 Metaspace       used 750K, capacity 4480K, committed 4480K, reserved 1056768K
  class space    used 76K, capacity 384K, committed 384K, reserved 1048576K

Card table byte_map: [0x00000000141a0000,0x00000000145a0000] byte_map_base: 0x0000000013d94000

Marking Bits: (ParMarkBitMap*) 0x000000006a0508c0
 Begin Bits: [0x0000000014c50000, 0x0000000016bf0000)
 End Bits:   [0x0000000016bf0000, 0x0000000018b90000)

Polling page: 0x00000000031f0000

CodeCache: size=245760Kb used=328Kb max_used=328Kb free=245431Kb
 bounds [0x0000000004de0000, 0x0000000005050000, 0x0000000013de0000]
 total_blobs=58 nmethods=0 adapters=38
 compilation: enabled

Compilation events (0 events):
No events

GC Heap History (0 events):
No events

Deoptimization events (0 events):
No events

Classes redefined (0 events):
No events

Internal exceptions (0 events):
No events

Events (10 events):
Event: 0.024 loading class java/lang/Short
Event: 0.025 loading class java/lang/Short done
Event: 0.025 loading class java/lang/Integer
Event: 0.025 loading class java/lang/Integer done
Event: 0.025 loading class java/lang/Long
Event: 0.025 loading class java/lang/Long done
Event: 0.025 loading class java/lang/NullPointerException
Event: 0.025 loading class java/lang/NullPointerException done
Event: 0.025 loading class java/lang/ArithmeticException
Event: 0.025 loading class java/lang/ArithmeticException done


Dynamic libraries:
0x00007ff763180000 - 0x00007ff7631b7000 	C:\Program Files\Java\jre1.8.0_171\bin\javaw.exe
0x00007ffe0f420000 - 0x00007ffe0f600000 	C:\WINDOWS\SYSTEM32\ntdll.dll
0x00007ffe0d070000 - 0x00007ffe0d11e000 	C:\WINDOWS\System32\KERNEL32.DLL
0x00007ffe0c240000 - 0x00007ffe0c4a6000 	C:\WINDOWS\System32\KERNELBASE.dll
0x00007ffe0eb90000 - 0x00007ffe0ec31000 	C:\WINDOWS\System32\ADVAPI32.dll
0x00007ffe0ee10000 - 0x00007ffe0eead000 	C:\WINDOWS\System32\msvcrt.dll
0x00007ffe0f390000 - 0x00007ffe0f3eb000 	C:\WINDOWS\System32\sechost.dll
0x00007ffe0eeb0000 - 0x00007ffe0efcf000 	C:\WINDOWS\System32\RPCRT4.dll
0x00007ffe0cd00000 - 0x00007ffe0ce8f000 	C:\WINDOWS\System32\USER32.dll
0x00007ffe0c4b0000 - 0x00007ffe0c4d0000 	C:\WINDOWS\System32\win32u.dll
0x00007ffe0c900000 - 0x00007ffe0c928000 	C:\WINDOWS\System32\GDI32.dll
0x00007ffe0c750000 - 0x00007ffe0c8e3000 	C:\WINDOWS\System32\gdi32full.dll
0x00007ffe0c5d0000 - 0x00007ffe0c66b000 	C:\WINDOWS\System32\msvcp_win.dll
0x00007ffe0bf70000 - 0x00007ffe0c066000 	C:\WINDOWS\System32\ucrtbase.dll
0x00007ffdfdd90000 - 0x00007ffdfdff9000 	C:\WINDOWS\WinSxS\amd64_microsoft.windows.common-controls_6595b64144ccf1df_6.0.16299.125_none_15cbcf8893620c09\COMCTL32.dll
0x00007ffe0efe0000 - 0x00007ffe0f2e8000 	C:\WINDOWS\System32\combase.dll
0x00007ffe0c6d0000 - 0x00007ffe0c742000 	C:\WINDOWS\System32\bcryptPrimitives.dll
0x00007ffe0e570000 - 0x00007ffe0e59d000 	C:\WINDOWS\System32\IMM32.DLL
0x0000000068ed0000 - 0x0000000068fa2000 	C:\Program Files\Java\jre1.8.0_171\bin\msvcr100.dll
0x0000000069830000 - 0x000000006a0d0000 	C:\Program Files\Java\jre1.8.0_171\bin\server\jvm.dll
0x00007ffe0e560000 - 0x00007ffe0e568000 	C:\WINDOWS\System32\PSAPI.DLL
0x00007ffdf83a0000 - 0x00007ffdf83a9000 	C:\WINDOWS\SYSTEM32\WSOCK32.dll
0x00007ffe07990000 - 0x00007ffe079b3000 	C:\WINDOWS\SYSTEM32\WINMM.dll
0x00007ffe0cfa0000 - 0x00007ffe0d00c000 	C:\WINDOWS\System32\WS2_32.dll
0x00007ffe00630000 - 0x00007ffe0063a000 	C:\WINDOWS\SYSTEM32\VERSION.dll
0x00007ffe07960000 - 0x00007ffe0798a000 	C:\WINDOWS\SYSTEM32\WINMMBASE.dll
0x00007ffe0c4d0000 - 0x00007ffe0c51a000 	C:\WINDOWS\System32\cfgmgr32.dll
0x0000000069740000 - 0x000000006974f000 	C:\Program Files\Java\jre1.8.0_171\bin\verify.dll
0x0000000069710000 - 0x0000000069739000 	C:\Program Files\Java\jre1.8.0_171\bin\java.dll
0x00000000696f0000 - 0x0000000069706000 	C:\Program Files\Java\jre1.8.0_171\bin\zip.dll

VM Arguments:
jvm_args: -Dfile.encoding=Cp1252 
java_command: application.Main
java_class_path (initial): C:\Program Files\Java\jre1.8.0_171\lib\resources.jar;C:\Program Files\Java\jre1.8.0_171\lib\rt.jar;C:\Program Files\Java\jre1.8.0_171\lib\jsse.jar;C:\Program Files\Java\jre1.8.0_171\lib\jce.jar;C:\Program Files\Java\jre1.8.0_171\lib\charsets.jar;C:\Program Files\Java\jre1.8.0_171\lib\jfr.jar;C:\Program Files\Java\jre1.8.0_171\lib\ext\access-bridge-64.jar;C:\Program Files\Java\jre1.8.0_171\lib\ext\cldrdata.jar;C:\Program Files\Java\jre1.8.0_171\lib\ext\dnsns.jar;C:\Program Files\Java\jre1.8.0_171\lib\ext\jaccess.jar;C:\Program Files\Java\jre1.8.0_171\lib\ext\jfxrt.jar;C:\Program Files\Java\jre1.8.0_171\lib\ext\localedata.jar;C:\Program Files\Java\jre1.8.0_171\lib\ext\nashorn.jar;C:\Program Files\Java\jre1.8.0_171\lib\ext\sunec.jar;C:\Program Files\Java\jre1.8.0_171\lib\ext\sunjce_provider.jar;C:\Program Files\Java\jre1.8.0_171\lib\ext\sunmscapi.jar;C:\Program Files\Java\jre1.8.0_171\lib\ext\sunpkcs11.jar;C:\Program Files\Java\jre1.8.0_171\lib\ext\zipfs.jar;C:\Users\ali\Documents\GitHub\SE312_Labs\Lab10-11\CarRental-Admin\bin;C:\Users\ali\.p2\pool\plugins\org.eclipse.fx.ide.css.jfx8_3.0.0.201705220750.jar;C:\Users\ali\Documents\eclipse-workspace\hibernate-release-5.2.16.Final\lib\required\antlr-2.7.7.jar;C:\Users\ali\Documents\eclipse-workspace\hibernate-release-5.2.16.Final\lib\required\classmate-1.3.0.jar;C:\Users\ali\Documents\eclipse-workspace\hibernate-release-5.2.16.Final\lib\required\dom4j-1.6.1.jar;C:\Users\ali\Documents\eclipse-workspace\hibernate-release-5.2.16.Final\lib\required\hibernate-commons-annotations-5.0.1.Final.jar;C:\Users\ali\Documents\eclipse-workspace\hibernate-release-5.2.16.Final\lib\required\hibernate-core-5.2.16.Final.jar;C:\Users\ali\Documents\eclipse-workspace\hibernate-release-5.2.16.Final\lib\required\hibernate-jpa-2.1-api-1.0.0.Final.jar;C:\Users\ali\Documents\eclipse-workspace\hibernate-release-5.2.16.Final\lib\required\jandex-2.0.3.Final.jar;C:\Users\ali\Documents\eclipse-workspace\hibernate-release-5.2.1
Launcher Type: SUN_STANDARD

Environment Variables:
PATH=C:/Program Files/Java/jre1.8.0_171/bin/server;C:/Program Files/Java/jre1.8.0_171/bin;C:/Program Files/Java/jre1.8.0_171/lib/amd64;C:\Program Files (x86)\Common Files\Oracle\Java\javapath;C:\ProgramData\Oracle\Java\javapath;C:\Windows\system32;C:\Windows;C:\Windows\System32\Wbem;C:\Windows\System32\WindowsPowerShell\v1.0\;C:\Program Files (x86)\NVIDIA Corporation\PhysX\Common;C:\Program Files\MySQL\MySQL Utilities 1.6\;C:\Program Files (x86)\GtkSharp\2.12\bin;C:\Program Files\MATLAB\R2016a\runtime\win64;C:\Program Files\MATLAB\R2016a\bin;C:\Program Files\MATLAB\R2016a\polyspace\bin;C:\Program Files\Microsoft SQL Server\110\Tools\Binn\;C:\Program Files\Microsoft SQL Server\120\Tools\Binn\;C:\Program Files\dotnet\;C:\Program Files\Microsoft SQL Server\130\Tools\Binn\;C:\Program Files\Intel\WiFi\bin\;C:\Program Files\Common Files\Intel\WirelessCommon\;C:\Program Files (x86)\Git\cmd;C:\WINDOWS\system32;C:\WINDOWS;C:\WINDOWS\System32\Wbem;C:\WINDOWS\System32\WindowsPowerShell\v1.0\;C:\Users\ali\AppData\Local\Programs\Python\Python36\Scripts\;C:\Users\ali\AppData\Local\Programs\Python\Python36\;C:\Users\ali\AppData\Local\Microsoft\WindowsApps;C:\Program Files\Intel\WiFi\bin\;C:\Program Files\Common Files\Intel\WirelessCommon\;;C:\Users\ali\Desktop;
USERNAME=ali
OS=Windows_NT
PROCESSOR_IDENTIFIER=Intel64 Family 6 Model 142 Stepping 9, GenuineIntel



---------------  S Y S T E M  ---------------

OS: Windows 10.0 , 64 bit Build 16299 (10.0.16299.15)

CPU:total 4 (initial active 4) (2 cores per cpu, 2 threads per core) family 6 model 142 stepping 9, cmov, cx8, fxsr, mmx, sse, sse2, sse3, ssse3, sse4.1, sse4.2, popcnt, avx, avx2, aes, clmul, erms, 3dnowpref, lzcnt, ht, tsc, tscinvbit, bmi1, bmi2, adx

Memory: 4k page, physical 8283348k(690360k free), swap 33449172k(5832k free)

vm_info: Java HotSpot(TM) 64-Bit Server VM (25.171-b11) for windows-amd64 JRE (1.8.0_171-b11), built on Mar 28 2018 16:06:12 by "java_re" with MS VC++ 10.0 (VS2010)

time: Wed May 09 18:51:45 2018
elapsed time: 0 seconds (0d 0h 0m 0s)

