JvmtiExport can_access_local_variables 0
JvmtiExport can_hotswap_or_post_breakpoint 0
JvmtiExport can_post_on_exceptions 0
# 438 ciObject found
ciMethod java/lang/Object <init> ()V 4097 1 193708 0 0
ciMethod java/lang/Object hashCode ()I 2049 1 256 0 -1
ciMethod java/lang/Object equals (Ljava/lang/Object;)Z 2065 1 5594 0 -1
ciMethod java/lang/Object clone ()Ljava/lang/Object; 4097 1 512 0 -1
ciMethod java/lang/String <init> ([CII)V 3953 1 5688 0 704
ciMethod java/lang/String <init> ([CZ)V 1761 1 12240 0 64
ciMethod java/lang/String length ()I 4097 1 106340 0 0
ciMethod java/lang/String charAt (I)C 4097 1 357848 0 -1
ciMethod java/lang/String getChars ([CI)V 3073 1 5547 0 0
ciMethod java/lang/String equals (Ljava/lang/Object;)Z 2065 22649 5759 0 -1
ciMethod java/lang/String equalsIgnoreCase (Ljava/lang/String;)Z 2049 1 12633 0 1728
ciMethod java/lang/String regionMatches (ZILjava/lang/String;II)Z 921 1377 7858 0 0
ciMethod java/lang/String hashCode ()I 2841 32769 1356 0 288
ciMethod java/lang/String lastIndexOf (I)I 2049 1 18150 0 288
ciMethod java/lang/String lastIndexOf (II)I 1025 53537 949 0 288
ciMethod java/lang/String lastIndexOfSupplementary (II)I 0 0 1 0 -1
ciMethod java/lang/String substring (II)Ljava/lang/String; 2097 1 5552 0 992
ciMethod java/lang/String concat (Ljava/lang/String;)Ljava/lang/String; 3073 1 5541 0 896
ciMethod java/lang/String replace (CC)Ljava/lang/String; 817 24729 1754 0 1184
ciMethod java/lang/String toUpperCase (Ljava/util/Locale;)Ljava/lang/String; 33 409 787 0 -1
ciMethod java/lang/ClassLoader defineClass (Ljava/lang/String;[BIILjava/security/ProtectionDomain;)Ljava/lang/Class; 4097 1 3507 0 -1
ciMethod java/lang/ClassLoader definePackage (Ljava/lang/String;Ljava/lang/String;Ljava/lang/String;Ljava/lang/String;Ljava/lang/String;Ljava/lang/String;Ljava/lang/String;Ljava/net/URL;)Ljava/lang/Package; 561 1 294 0 0
ciMethod java/lang/ClassLoader getPackage (Ljava/lang/String;)Ljava/lang/Package; 2049 1 4511 0 0
ciMethod java/lang/System nanoTime ()J 2049 1 256 0 -1
ciMethod java/lang/System arraycopy (Ljava/lang/Object;ILjava/lang/Object;II)V 8193 1 1024 0 -1
ciMethod java/lang/Throwable addSuppressed (Ljava/lang/Throwable;)V 0 0 1 0 -1
ciMethod java/security/SecureClassLoader defineClass (Ljava/lang/String;[BIILjava/security/CodeSource;)Ljava/lang/Class; 4097 1 3451 0 0
ciMethod java/security/SecureClassLoader defineClass (Ljava/lang/String;Ljava/nio/ByteBuffer;Ljava/security/CodeSource;)Ljava/lang/Class; 0 0 1 0 -1
ciMethod java/security/SecureClassLoader getProtectionDomain (Ljava/security/CodeSource;)Ljava/security/ProtectionDomain; 4097 1 3476 0 -1
ciMethod java/lang/ref/Reference get ()Ljava/lang/Object; 1041 1 130 0 -1
ciMethod java/lang/ref/Reference <init> (Ljava/lang/Object;)V 2393 1 5112 0 0
ciMethod java/lang/ref/Reference <init> (Ljava/lang/Object;Ljava/lang/ref/ReferenceQueue;)V 2049 1 15524 0 96
ciMethod java/lang/ref/SoftReference <init> (Ljava/lang/Object;)V 2425 1 941 0 0
ciMethod java/lang/ref/SoftReference get ()Ljava/lang/Object; 2049 1 8147 0 0
ciMethod java/lang/Thread currentThread ()Ljava/lang/Thread; 3097 1 387 0 -1
ciMethod java/lang/Thread interrupt ()V 0 0 1 0 -1
ciMethod java/lang/Thread interrupted ()Z 2049 1 4620 0 -1
ciMethod java/util/Map get (Ljava/lang/Object;)Ljava/lang/Object; 0 0 1 0 -1
ciMethod java/util/Map put (Ljava/lang/Object;Ljava/lang/Object;)Ljava/lang/Object; 0 0 1 0 -1
ciMethod java/util/Hashtable <init> (IF)V 793 1 97 0 0
ciMethod java/util/Hashtable <init> (I)V 65 1 8 0 0
ciMethod java/util/Hashtable <init> ()V 729 1 89 0 0
ciMethod java/util/Dictionary <init> ()V 793 1 97 0 0
ciMethod java/lang/StringBuilder <init> ()V 1329 1 14299 0 -1
ciMethod java/lang/StringBuilder append (Ljava/lang/String;)Ljava/lang/StringBuilder; 2049 1 30352 0 -1
ciMethod java/lang/StringBuilder append (I)Ljava/lang/StringBuilder; 1 1 1093 0 -1
ciMethod java/lang/StringBuilder append (F)Ljava/lang/StringBuilder; 0 0 1 0 -1
ciMethod java/lang/StringBuilder toString ()Ljava/lang/String; 1417 1 14326 0 -1
ciMethod java/io/ByteArrayInputStream <init> ([B)V 0 0 34 0 0
ciMethod java/io/InputStream <init> ()V 2049 1 5473 0 0
ciMethod java/io/InputStream read ([BII)I 0 0 1 0 -1
ciMethod java/io/InputStream close ()V 0 0 1 0 -1
ciMethod java/net/URLClassLoader getAndVerifyPackage (Ljava/lang/String;Ljava/util/jar/Manifest;Ljava/net/URL;)Ljava/lang/Package; 4097 1 3456 0 0
ciMethod java/net/URLClassLoader definePackageInternal (Ljava/lang/String;Ljava/util/jar/Manifest;Ljava/net/URL;)V 4097 1 3450 0 0
ciMethod java/net/URLClassLoader defineClass (Ljava/lang/String;Lsun/misc/Resource;)Ljava/lang/Class; 2057 1 3450 0 0
ciMethod java/net/URLClassLoader definePackage (Ljava/lang/String;Ljava/util/jar/Manifest;Ljava/net/URL;)Ljava/lang/Package; 545 1 292 0 0
ciMethod java/net/URLClassLoader isSealed (Ljava/lang/String;Ljava/util/jar/Manifest;)Z 2049 1 3158 0 0
ciMethod java/net/URLClassLoader access$000 (Ljava/net/URLClassLoader;)Lsun/misc/URLClassPath; 1025 1 128 0 0
ciMethod java/net/URLClassLoader access$100 (Ljava/net/URLClassLoader;Ljava/lang/String;Lsun/misc/Resource;)Ljava/lang/Class; 2057 1 3447 0 0
ciMethod java/util/jar/Manifest <init> (Ljava/io/InputStream;)V 9 1 10 0 0
ciMethod java/util/jar/Manifest getMainAttributes ()Ljava/util/jar/Attributes; 1033 1 129 0 0
ciMethod java/util/jar/Manifest getEntries ()Ljava/util/Map; 1025 1 128 0 0
ciMethod java/util/jar/Manifest getAttributes (Ljava/lang/String;)Ljava/util/jar/Attributes; 2057 1 3446 0 0
ciMethod java/util/jar/Manifest read (Ljava/io/InputStream;)V 9 1 10 0 -1
ciMethod java/util/jar/Manifest parseName ([BI)Ljava/lang/String; 0 0 1 0 -1
ciMethod java/security/CodeSource <init> (Ljava/net/URL;[Ljava/security/CodeSigner;)V 4097 1 3450 0 0
ciMethod java/lang/Character toLowerCase (C)C 2049 1 24955 0 320
ciMethod java/lang/Character toLowerCase (I)I 4097 1 56816 0 320
ciMethod java/lang/Character toUpperCase (C)C 2057 1 21820 0 320
ciMethod java/lang/Character toUpperCase (I)I 2057 1 21820 0 0
ciMethod java/lang/Float isNaN (F)Z 3081 1 2268 0 0
ciMethod java/lang/Float floatToRawIntBits (F)I 2049 1 256 0 -1
ciMethod java/util/Comparator compare (Ljava/lang/Object;Ljava/lang/Object;)I 0 0 1 0 -1
ciMethod java/util/AbstractList <init> ()V 1561 1 8418 0 32
ciMethod java/util/AbstractCollection <init> ()V 1697 1 11405 0 0
ciMethod java/util/ArrayList <init> ()V 457 1 5552 0 64
ciMethod java/util/AbstractMap <init> ()V 1017 1 4889 0 0
ciMethod java/util/HashMap hash (Ljava/lang/Object;)I 2049 1 31578 0 160
ciMethod java/util/HashMap comparableClassFor (Ljava/lang/Object;)Ljava/lang/Class; 1225 1 367 0 -1
ciMethod java/util/HashMap compareComparables (Ljava/lang/Class;Ljava/lang/Object;Ljava/lang/Object;)I 0 0 1 0 -1
ciMethod java/util/HashMap tableSizeFor (I)I 2049 1 537 0 -1
ciMethod java/util/HashMap <init> (IF)V 89 1 416 0 0
ciMethod java/util/HashMap <init> (I)V 89 1 290 0 0
ciMethod java/util/HashMap <init> ()V 729 1 2695 0 0
ciMethod java/util/HashMap get (Ljava/lang/Object;)Ljava/lang/Object; 2097 1 19051 0 672
ciMethod java/util/HashMap getNode (ILjava/lang/Object;)Ljava/util/HashMap$Node; 2185 49 12228 0 544
ciMethod java/util/HashMap put (Ljava/lang/Object;Ljava/lang/Object;)Ljava/lang/Object; 2281 1 6351 0 -1
ciMethod java/lang/Math max (II)I 1113 1 13691 0 -1
ciMethod java/lang/Math min (II)I 4097 1 61874 0 -1
ciMethod java/lang/Math min (FF)F 2065 1 963 0 0
ciMethod java/io/OutputStream <init> ()V 2233 1 628 0 0
ciMethod java/util/Arrays copyOf ([BI)[B 2049 1 15741 0 -1
ciMethod java/util/Arrays copyOf ([CI)[C 1721 1 15206 0 0
ciMethod java/util/Arrays copyOfRange ([CII)[C 4097 1 5647 0 512
ciMethodData java/lang/Object <init> ()V 2 193708 orig 264 152 98 225 105 0 0 0 0 104 4 126 24 0 0 0 0 32 1 0 0 0 0 0 0 0 0 0 0 0 0 0 0 0 0 0 0 0 0 0 0 0 0 0 0 0 0 0 0 0 0 0 0 0 0 0 0 0 0 0 0 0 0 0 0 0 0 0 0 0 0 0 0 0 0 0 0 0 0 0 0 77 68 79 32 101 120 116 114 97 32 100 97 116 97 32 108 111 99 107 0 0 0 0 0 0 0 0 0 0 0 0 0 0 0 0 0 0 0 0 0 0 0 0 0 0 0 0 0 0 0 0 0 0 0 0 0 0 0 0 0 0 0 0 0 0 0 0 0 0 0 0 0 0 0 0 0 0 0 0 0 0 0 0 0 0 0 0 0 0 0 0 0 0 0 0 0 0 0 0 0 0 0 0 0 1 0 0 0 0 0 0 0 1 0 0 0 0 0 0 0 1 0 0 0 0 0 0 0 0 0 0 0 0 0 0 0 0 2 0 0 97 1